<?xml version="1.0" encoding="UTF-8"?>
<!-- Generated by org.testng.reporters.JUnitXMLReporter -->
<testsuite hostname="DESKTOP-LKM5JTJ" ignored="1" name="RealERPLoginPageTest" tests="3" failures="1" timestamp="04 Jan 2021 15:26:51 GMT" time="17.231" errors="0">
  <testcase name="verifyPageTitleTest" time="0.026" classname="com.qa.realerp.tests.LoginPageTest">
    <failure type="java.lang.AssertionError" message="expected [Login | RealERP1] but found [Login | RealERP]">
      <![CDATA[java.lang.AssertionError: expected [Login | RealERP1] but found [Login | RealERP]
at com.qa.realerp.tests.LoginPageTest.verifyPageTitleTest(LoginPageTest.java:35)
... Removed 31 stack frames]]>
    </failure>
  </testcase> <!-- verifyPageTitleTest -->
  <testcase name="verifyForgotPasswordLinkTest" time="0.0" classname="com.qa.realerp.tests.LoginPageTest">
    <skipped/>
  </testcase> <!-- verifyForgotPasswordLinkTest -->
  <testcase name="verifyValidLoginTest" time="9.511" classname="com.qa.realerp.tests.LoginPageTest"/>
  <testcase name="verifyInvalidLogin" time="0.0" classname="com.qa.realerp.tests.LoginPageTest">
    <ignored/>
  </testcase> <!-- verifyInvalidLogin -->
</testsuite> <!-- RealERPLoginPageTest -->
